-I: Adding /home/zhangi/miniconda3/envs/ambertools20/dat/leap/prep to search path.
-I: Adding /home/zhangi/miniconda3/envs/ambertools20/dat/leap/lib to search path.
-I: Adding /home/zhangi/miniconda3/envs/ambertools20/dat/leap/parm to search path.
-I: Adding /home/zhangi/miniconda3/envs/ambertools20/dat/leap/cmd to search path.
-s: Ignoring startup file: leaprc
-f: Source RBD_tleap.in.

Welcome to LEaP!
Sourcing: ./RBD_tleap.in
----- Source: /home/zhangi/miniconda3/envs/ambertools20/dat/leap/cmd/leaprc.GLYCAM_06j-1
----- Source of /home/zhangi/miniconda3/envs/ambertools20/dat/leap/cmd/leaprc.GLYCAM_06j-1 done
Loading parameters: /home/zhangi/miniconda3/envs/ambertools20/dat/leap/parm/GLYCAM_06j.dat
Reading title:
GLYCAM_06_H PARAMETERS (FOR AMBER 11.0, RESP 0.010), COPYRIGHT CCRC 2011
Loading Prep file: /home/zhangi/miniconda3/envs/ambertools20/dat/leap/prep/GLYCAM_06j-1.prep
Loading library: /home/zhangi/miniconda3/envs/ambertools20/dat/leap/lib/GLYCAM_amino_06j_12SB.lib
Loading library: /home/zhangi/miniconda3/envs/ambertools20/dat/leap/lib/GLYCAM_aminoct_06j_12SB.lib
Loading library: /home/zhangi/miniconda3/envs/ambertools20/dat/leap/lib/GLYCAM_aminont_06j_12SB.lib
Loading library: /home/zhangi/miniconda3/envs/ambertools20/dat/leap/lib/solvents.lib
Loading library: /home/zhangi/miniconda3/envs/ambertools20/dat/leap/lib/atomic_ions.lib
Loading parameters: /home/zhangi/miniconda3/envs/ambertools20/dat/leap/parm/frcmod.ionsjc_tip3p
Reading force field modification type file (frcmod)
Reading title:
Monovalent ion parameters for Ewald and TIP3P water from Joung & Cheatham JPCB (2008)
----- Source: /home/zhangi/miniconda3/envs/ambertools20/dat/leap/cmd/leaprc.protein.ff14SB
----- Source of /home/zhangi/miniconda3/envs/ambertools20/dat/leap/cmd/leaprc.protein.ff14SB done
Log file: ./leap.log
Loading parameters: /home/zhangi/miniconda3/envs/ambertools20/dat/leap/parm/parm10.dat
Reading title:
PARM99 + frcmod.ff99SB + frcmod.parmbsc0 + OL3 for RNA
Loading parameters: /home/zhangi/miniconda3/envs/ambertools20/dat/leap/parm/frcmod.ff14SB
Reading force field modification type file (frcmod)
Reading title:
ff14SB protein backbone and sidechain parameters
Loading library: /home/zhangi/miniconda3/envs/ambertools20/dat/leap/lib/amino12.lib
Loading library: /home/zhangi/miniconda3/envs/ambertools20/dat/leap/lib/aminoct12.lib
Loading library: /home/zhangi/miniconda3/envs/ambertools20/dat/leap/lib/aminont12.lib
Substituting map 0HYP -> HYP  for  0HYP -> NHYP
Substituting map 1HYP -> CHYP  for  1HYP -> CHYP
----- Source: /home/zhangi/miniconda3/envs/ambertools20/dat/leap/cmd/leaprc.water.tip3p
----- Source of /home/zhangi/miniconda3/envs/ambertools20/dat/leap/cmd/leaprc.water.tip3p done
Loading library: /home/zhangi/miniconda3/envs/ambertools20/dat/leap/lib/atomic_ions.lib
Loading library: /home/zhangi/miniconda3/envs/ambertools20/dat/leap/lib/solvents.lib
Loading parameters: /home/zhangi/miniconda3/envs/ambertools20/dat/leap/parm/frcmod.tip3p
Reading force field modification type file (frcmod)
Reading title:
This is the additional/replacement parameter set for TIP3P water
Loading parameters: /home/zhangi/miniconda3/envs/ambertools20/dat/leap/parm/frcmod.ions1lm_126_tip3p
Reading force field modification type file (frcmod)
Reading title:
Li/Merz ion parameters of monovalent ions for TIP3P water model (12-6 normal usage set)
Loading parameters: /home/zhangi/miniconda3/envs/ambertools20/dat/leap/parm/frcmod.ionsjc_tip3p
Reading force field modification type file (frcmod)
Reading title:
Monovalent ion parameters for Ewald and TIP3P water from Joung & Cheatham JPCB (2008)
Loading parameters: /home/zhangi/miniconda3/envs/ambertools20/dat/leap/parm/frcmod.ions234lm_126_tip3p
Reading force field modification type file (frcmod)
Reading title:
Li/Merz ion parameters of divalent to tetravalent ions for TIP3P water model (12-6 normal usage set)
Loading PDB file: ./RBD_6m0j_refine_14_capped_N343glycosylated_cleaned_LEAP_INPUT.pdb
  total atoms in file: 1672
  Leap added 1593 missing atoms according to residue templates:
       1593 H / lone pairs
  Solute vdw bounding box:              44.409 64.434 60.175
  Total bounding box for atom centers:  74.409 94.434 90.175
  Solvent unit box:                     18.774 18.774 18.774
  Total vdw box size:                   77.355 97.755 93.518 angstroms.
  Volume: 707164.773 A^3 
  Total mass 358584.744 amu,  Density 0.842 g/cc
  Added 18585 residues.
Adding 102 counter ions to "mol". 18493 solvent molecules will remain.
0: Placed Na+ in mol at (-11.97, -5.54, -36.96).
Placed Cl- in mol at (-20.49, 10.65, 5.60).
0: Placed Na+ in mol at (-28.22, -30.16, 41.57).
Placed Cl- in mol at (-29.40, 42.36, 18.94).
0: Placed Na+ in mol at (-12.87, 4.28, -25.37).
Placed Cl- in mol at (-13.04, 25.38, 28.34).
0: Placed Na+ in mol at (-30.30, -3.14, 22.24).
Placed Cl- in mol at (-29.40, -32.73, 37.71).
0: Placed Na+ in mol at (25.97, 34.12, 12.16).
Placed Cl- in mol at (-20.31, 28.75, 2.61).
0: Placed Na+ in mol at (-17.59, -4.59, 33.08).
Placed Cl- in mol at (5.89, 31.74, 7.24).
0: Placed Na+ in mol at (-9.62, 14.50, 8.44).
Placed Cl- in mol at (-6.66, 27.29, 17.17).
0: Placed Na+ in mol at (-0.64, -23.64, -27.34).
Placed Cl- in mol at (18.62, 21.61, 9.87).
0: Placed Na+ in mol at (14.89, -39.52, -33.30).
Placed Cl- in mol at (6.49, 20.57, -22.53).
0: Placed Na+ in mol at (29.69, -7.59, 6.50).
Placed Cl- in mol at (-14.11, 33.24, 12.25).
0: Placed Na+ in mol at (23.82, 6.32, 39.75).
Placed Cl- in mol at (-36.29, -39.66, -16.97).
0: Placed Na+ in mol at (-30.86, -11.66, -37.24).
Placed Cl- in mol at (-33.99, -43.32, 10.39).
0: Placed Na+ in mol at (25.26, 39.35, -41.30).
Placed Cl- in mol at (-27.05, 35.76, -20.10).
0: Placed Na+ in mol at (-10.84, -6.27, -27.43).
Placed Cl- in mol at (-0.27, -38.67, 41.82).
0: Placed Na+ in mol at (11.04, -22.79, -21.66).
Placed Cl- in mol at (34.96, 18.29, -36.00).
0: Placed Na+ in mol at (-30.94, -36.47, -28.87).
Placed Cl- in mol at (25.39, 16.60, 0.72).
0: Placed Na+ in mol at (-25.40, -42.92, 27.57).
Placed Cl- in mol at (-13.41, -23.42, 34.28).
0: Placed Na+ in mol at (-31.21, 47.09, 35.97).
Placed Cl- in mol at (29.90, 5.55, 16.44).
0: Placed Na+ in mol at (-4.57, 44.31, 22.33).
Placed Cl- in mol at (-5.44, -28.33, 23.12).
0: Placed Na+ in mol at (31.75, 16.88, 34.66).
Placed Cl- in mol at (1.03, -46.54, -10.98).
0: Placed Na+ in mol at (-26.18, 30.64, -41.48).
Placed Cl- in mol at (-29.79, 42.75, -30.52).
0: Placed Na+ in mol at (36.42, -45.38, 28.64).
Placed Cl- in mol at (29.50, -28.53, -4.36).
0: Placed Na+ in mol at (23.59, -44.53, -39.09).
Placed Cl- in mol at (-35.24, -25.52, -31.12).
0: Placed Na+ in mol at (19.80, -8.99, 7.79).
Placed Cl- in mol at (7.24, -21.92, 22.24).
0: Placed Na+ in mol at (35.31, 41.16, 4.87).
Placed Cl- in mol at (34.35, -5.88, 41.74).
0: Placed Na+ in mol at (30.95, -15.18, 38.72).
Placed Cl- in mol at (-36.25, -38.62, -40.40).
0: Placed Na+ in mol at (-35.05, -36.05, -27.72).
Placed Cl- in mol at (-14.05, -8.93, 43.36).
0: Placed Na+ in mol at (-18.10, 11.61, 20.50).
Placed Cl- in mol at (-22.79, -8.19, -3.86).
0: Placed Na+ in mol at (-21.91, -19.91, -21.06).
Placed Cl- in mol at (-26.70, 14.01, 6.25).
0: Placed Na+ in mol at (23.58, 29.31, 29.42).
Placed Cl- in mol at (19.54, 15.80, -0.93).
0: Placed Na+ in mol at (16.54, -15.17, 23.64).
Placed Cl- in mol at (-28.10, -35.46, -30.32).
0: Placed Na+ in mol at (-12.08, -11.66, 37.85).
Placed Cl- in mol at (25.47, -30.43, -37.24).
0: Placed Na+ in mol at (0.87, 39.79, -12.72).
Placed Cl- in mol at (21.64, -14.56, -12.92).
0: Placed Na+ in mol at (17.24, -27.58, -34.93).
Placed Cl- in mol at (12.37, -14.04, 41.35).
0: Placed Na+ in mol at (27.12, 19.73, -19.87).
Placed Cl- in mol at (-23.28, -4.08, 17.83).
0: Placed Na+ in mol at (-29.21, 19.73, -19.87).
Placed Cl- in mol at (19.96, 14.18, -23.24).
0: Placed Na+ in mol at (-8.50, -40.67, 22.12).
Placed Cl- in mol at (13.57, 35.91, 7.41).
0: Placed Na+ in mol at (28.48, 13.06, -43.81).
Placed Cl- in mol at (35.70, 45.58, 24.49).
0: Placed Na+ in mol at (-12.58, -20.02, -41.30).
Placed Cl- in mol at (-26.00, 13.66, 39.61).
0: Placed Na+ in mol at (-7.60, -44.75, 10.73).
Placed Cl- in mol at (36.01, -8.80, 21.39).
0: Placed Na+ in mol at (-28.12, 18.41, 27.69).
Placed Cl- in mol at (-25.40, -42.92, -9.98).
0: Placed Na+ in mol at (21.62, 42.99, -7.98).
Placed Cl- in mol at (-20.49, -45.67, -13.17).
0: Placed Na+ in mol at (19.41, -10.61, 0.82).
Placed Cl- in mol at (-23.97, -1.64, -11.37).
0: Placed Na+ in mol at (32.98, -12.02, -33.99).
Placed Cl- in mol at (34.30, 11.12, -36.93).
0: Placed Na+ in mol at (-19.67, 32.53, 44.03).
Placed Cl- in mol at (19.80, 28.56, -10.98).
0: Placed Na+ in mol at (7.23, 26.90, 30.10).
Placed Cl- in mol at (-24.72, 19.09, 3.19).
0: Placed Na+ in mol at (29.02, -27.26, 0.28).
Placed Cl- in mol at (10.72, 5.29, 30.18).
0: Placed Na+ in mol at (-24.13, 15.25, -6.97).
Placed Cl- in mol at (32.07, -25.98, 21.30).
0: Placed Na+ in mol at (-36.23, 22.39, 16.81).
Placed Cl- in mol at (8.66, 10.93, -14.38).
0: Placed Na+ in mol at (25.28, 17.23, -13.27).
Placed Cl- in mol at (23.44, 14.46, -44.08).
Placed Cl- in mol at (26.00, -10.65, -7.45).
Placed Cl- in mol at (12.94, -8.96, -44.40).
Writing pdb file: RBD_6m0j_refine_14_FullGlycos.pdb
   printing CRYST1 record to PDB file with box info
Checking Unit.
Building topology.
Building atom parameters.
Building bond parameters.
Building angle parameters.
Building proper torsion parameters.
Building improper torsion parameters.
 total 691 improper torsions applied
Building H-Bond parameters.
Incorporating Non-Bonded adjustments.
Not Marking per-residue atom chain types.
Marking per-residue atom chain types.
  (Residues lacking connect0/connect1 - 
   these don't have chain types marked:

	res	total affected

	WAT	18493
  )
 (no restraints)
	Quit

Exiting LEaP: Errors = 0; Warnings = 0; Notes = 0.
