log started: Fri Nov 13 16:48:18 2020

Log file: ./leap.log
>> #
>> # ----- leaprc for loading the ff14SB force field
>> # ----- NOTE: this is designed for PDB format 3!
>> #
>> #	load atom type hybridizations
>> #
>> addAtomTypes {
>> 	{ "H"   "H" "sp3" }
>> 	{ "HO"  "H" "sp3" }
>> 	{ "HS"  "H" "sp3" }
>> 	{ "H1"  "H" "sp3" }
>> 	{ "H2"  "H" "sp3" }
>> 	{ "H3"  "H" "sp3" }
>> 	{ "H4"  "H" "sp3" }
>> 	{ "H5"  "H" "sp3" }
>> 	{ "HW"  "H" "sp3" }
>> 	{ "HC"  "H" "sp3" }
>> 	{ "HA"  "H" "sp3" }
>> 	{ "HP"  "H" "sp3" }
>> 	{ "HZ"  "H" "sp3" }
>> 	{ "OH"  "O" "sp3" }
>> 	{ "OS"  "O" "sp3" }
>> 	{ "O"   "O" "sp2" }
>> 	{ "O2"  "O" "sp2" }
>> 	{ "OP"  "O" "sp2" }
>> 	{ "OW"  "O" "sp3" }
>> 	{ "CT"  "C" "sp3" }
>> 	{ "CX"  "C" "sp3" }
>> 	{ "C8"  "C" "sp3" }
>> 	{ "2C"  "C" "sp3" }
>> 	{ "3C"  "C" "sp3" }
>> 	{ "CH"  "C" "sp3" }
>> 	{ "CS"  "C" "sp2" }
>> 	{ "C"   "C" "sp2" }
>> 	{ "CO"   "C" "sp2" }
>> 	{ "C*"  "C" "sp2" }
>> 	{ "CA"  "C" "sp2" }
>> 	{ "CB"  "C" "sp2" }
>> 	{ "CC"  "C" "sp2" }
>> 	{ "CN"  "C" "sp2" }
>> 	{ "CM"  "C" "sp2" }
>> 	{ "CK"  "C" "sp2" }
>> 	{ "CQ"  "C" "sp2" }
>> 	{ "CD"  "C" "sp2" }
>> 	{ "C5"  "C" "sp2" }
>> 	{ "C4"  "C" "sp2" }
>> 	{ "CP"  "C" "sp2" }
>> 	{ "CI"  "C" "sp3" }
>> 	{ "CJ"  "C" "sp2" }
>> 	{ "CW"  "C" "sp2" }
>> 	{ "CV"  "C" "sp2" }
>> 	{ "CR"  "C" "sp2" }
>> 	{ "CA"  "C" "sp2" }
>> 	{ "CY"  "C" "sp2" }
>> 	{ "C0"  "Ca" "sp3" }
>> 	{ "MG"  "Mg" "sp3" }
>> 	{ "N"   "N" "sp2" }
>> 	{ "NA"  "N" "sp2" }
>> 	{ "N2"  "N" "sp2" }
>> 	{ "N*"  "N" "sp2" }
>> 	{ "NP"  "N" "sp2" }
>> 	{ "NQ"  "N" "sp2" }
>> 	{ "NB"  "N" "sp2" }
>> 	{ "NC"  "N" "sp2" }
>> 	{ "NT"  "N" "sp3" }
>> 	{ "NY"  "N" "sp2" }
>> 	{ "N3"  "N" "sp3" }
>> 	{ "S"   "S" "sp3" }
>> 	{ "SH"  "S" "sp3" }
>> 	{ "P"   "P" "sp3" }
>> 	{ "LP"  ""  "sp3" }
>> 	{ "EP"  ""  "sp3" }
>> 	{ "F"   "F" "sp3" }
>> 	{ "Cl"  "Cl" "sp3" }
>> 	{ "Br"  "Br" "sp3" }
>> 	{ "I"   "I"  "sp3" }
>> }
>> #
>> #	Load the main parameter set.
>> #
>> parm10 = loadamberparams parm10.dat
Loading parameters: /home/zhangi/miniconda3/envs/ambertools20/dat/leap/parm/parm10.dat
Reading title:
PARM99 + frcmod.ff99SB + frcmod.parmbsc0 + OL3 for RNA
>> frcmod14SB = loadamberparams frcmod.ff14SB
Loading parameters: /home/zhangi/miniconda3/envs/ambertools20/dat/leap/parm/frcmod.ff14SB
Reading force field modification type file (frcmod)
Reading title:
ff14SB protein backbone and sidechain parameters
>> #
>> #	Load main chain and terminating amino acid libraries
>> #
>> loadOff amino12.lib
Loading library: /home/zhangi/miniconda3/envs/ambertools20/dat/leap/lib/amino12.lib
Loading: ALA
Loading: ARG
Loading: ASH
Loading: ASN
Loading: ASP
Loading: CYM
Loading: CYS
Loading: CYX
Loading: GLH
Loading: GLN
Loading: GLU
Loading: GLY
Loading: HID
Loading: HIE
Loading: HIP
Loading: HYP
Loading: ILE
Loading: LEU
Loading: LYN
Loading: LYS
Loading: MET
Loading: PHE
Loading: PRO
Loading: SER
Loading: THR
Loading: TRP
Loading: TYR
Loading: VAL
>> loadOff aminoct12.lib
Loading library: /home/zhangi/miniconda3/envs/ambertools20/dat/leap/lib/aminoct12.lib
Loading: CALA
Loading: CARG
Loading: CASN
Loading: CASP
Loading: CCYS
Loading: CCYX
Loading: CGLN
Loading: CGLU
Loading: CGLY
Loading: CHID
Loading: CHIE
Loading: CHIP
Loading: CHYP
Loading: CILE
Loading: CLEU
Loading: CLYS
Loading: CMET
Loading: CPHE
Loading: CPRO
Loading: CSER
Loading: CTHR
Loading: CTRP
Loading: CTYR
Loading: CVAL
Loading: NHE
Loading: NME
>> loadOff aminont12.lib
Loading library: /home/zhangi/miniconda3/envs/ambertools20/dat/leap/lib/aminont12.lib
Loading: ACE
Loading: NALA
Loading: NARG
Loading: NASN
Loading: NASP
Loading: NCYS
Loading: NCYX
Loading: NGLN
Loading: NGLU
Loading: NGLY
Loading: NHID
Loading: NHIE
Loading: NHIP
Loading: NILE
Loading: NLEU
Loading: NLYS
Loading: NMET
Loading: NPHE
Loading: NPRO
Loading: NSER
Loading: NTHR
Loading: NTRP
Loading: NTYR
Loading: NVAL
>> 
>> #
>> #	Define the PDB name map for the amino acids
>> #
>> addPdbResMap {
>>   { 0 "HYP" "HYP" } { 1 "HYP" "CHYP" }
>>   { 0 "ALA" "NALA" } { 1 "ALA" "CALA" }
>>   { 0 "ARG" "NARG" } { 1 "ARG" "CARG" }
>>   { 0 "ASN" "NASN" } { 1 "ASN" "CASN" }
>>   { 0 "ASP" "NASP" } { 1 "ASP" "CASP" }
>>   { 0 "CYS" "NCYS" } { 1 "CYS" "CCYS" }
>>   { 0 "CYX" "NCYX" } { 1 "CYX" "CCYX" }
>>   { 0 "GLN" "NGLN" } { 1 "GLN" "CGLN" }
>>   { 0 "GLU" "NGLU" } { 1 "GLU" "CGLU" }
>>   { 0 "GLY" "NGLY" } { 1 "GLY" "CGLY" }
>>   { 0 "HID" "NHID" } { 1 "HID" "CHID" }
>>   { 0 "HIE" "NHIE" } { 1 "HIE" "CHIE" }
>>   { 0 "HIP" "NHIP" } { 1 "HIP" "CHIP" }
>>   { 0 "ILE" "NILE" } { 1 "ILE" "CILE" }
>>   { 0 "LEU" "NLEU" } { 1 "LEU" "CLEU" }
>>   { 0 "LYS" "NLYS" } { 1 "LYS" "CLYS" }
>>   { 0 "MET" "NMET" } { 1 "MET" "CMET" }
>>   { 0 "PHE" "NPHE" } { 1 "PHE" "CPHE" }
>>   { 0 "PRO" "NPRO" } { 1 "PRO" "CPRO" }
>>   { 0 "SER" "NSER" } { 1 "SER" "CSER" }
>>   { 0 "THR" "NTHR" } { 1 "THR" "CTHR" }
>>   { 0 "TRP" "NTRP" } { 1 "TRP" "CTRP" }
>>   { 0 "TYR" "NTYR" } { 1 "TYR" "CTYR" }
>>   { 0 "VAL" "NVAL" } { 1 "VAL" "CVAL" }
>>   { 0 "HIS" "NHIS" } { 1 "HIS" "CHIS" }
>> }
Substituting map 0HYP -> HYP  for  0HYP -> NHYP
Substituting map 1HYP -> CHYP  for  1HYP -> CHYP
>> 
>> #
>> # assume that most often proteins use HIE
>> #
>> NHIS = NHIE
>> HIS = HIE
>> CHIS = CHIE
> 
> source leaprc.water.tip3p #  Source leaprc file for TIP3P water model (and ions)
----- Source: /home/zhangi/miniconda3/envs/ambertools20/dat/leap/cmd/leaprc.water.tip3p
----- Source of /home/zhangi/miniconda3/envs/ambertools20/dat/leap/cmd/leaprc.water.tip3p done
>> #
>> #       Load water and ions for TIP3P + Li/Merz monovalent ions 
>> #       + Joung-Chetham monovalent ions
>> #       + Li/Merz highly charged ions (+2 to +4, 12-6 normal usage set)
>> #
>> #       Note: the Li/Merz monovalent set is loaded only to get Tl+,
>> #          Cu+, Ag+ NH4+, H3O+.  Since we load Joung-Cheatham second,
>> #          the alkali halide parameters come from the Joung-Cheatham set
>> #
>> addAtomTypes {
>> 	{ "HW"  "H" "sp3" }
>> 	{ "OW"  "O" "sp3" }
>> 	{ "F-"   "F" "sp3" }
>> 	{ "Cl-"  "Cl" "sp3" }
>> 	{ "Br-"  "Br" "sp3" }
>> 	{ "I-"   "I"  "sp3" }
>> 	{ "Li+"  "Li"  "sp3" }
>> 	{ "Na+"  "Na"  "sp3" }
>> 	{ "K+"  "K"  "sp3" }
>> 	{ "Rb+"  "Rb"  "sp3" }
>> 	{ "Cs+"  "Cs"  "sp3" }
>> 	{ "Mg+"  "Mg"  "sp3" }
>>     { "Tl+"  "Tl"  "sp3" }
>>     { "Cu+"  "Cu"  "sp3" }
>>     { "Ag+"  "Ag"  "sp3" }
>>     { "NH4+"  "N"  "sp3" }
>>     { "H3O+"  "O"  "sp3" }
>>     { "Be2+" "Be"  "sp3" }
>>     { "Cu2+" "Cu"  "sp3" }
>>     { "Ni2+" "Ni"  "sp3" }
>>     { "Pt2+" "Pt"  "sp3" }
>>     { "Zn2+" "Zn"  "sp3" }
>>     { "Co2+" "Co"  "sp3" }
>>     { "Pd2+" "Pd"  "sp3" }
>>     { "Ag2+" "Ag"  "sp3" }
>>     { "Cr2+" "Cr"  "sp3" }
>>     { "Fe2+" "Fe"  "sp3" }
>>     { "Mg2+" "Mg"  "sp3" }
>>     { "V2+"  "V"   "sp3" }
>>     { "Mn2+" "Mn"  "sp3" }
>>     { "Hg2+" "Hg"  "sp3" }
>>     { "Cd2+" "Cd"  "sp3" }
>>     { "Yb2+" "Yb"  "sp3" }
>>     { "Ca2+" "Ca"  "sp3" }
>>     { "Sn2+" "Sn"  "sp3" }
>>     { "Pb2+" "Pb"  "sp3" }
>>     { "Eu2+" "Eu"  "sp3" }
>>     { "Sr2+" "Sr"  "sp3" }
>>     { "Sm2+" "Sm"  "sp3" }
>>     { "Ba2+" "Ba"  "sp3" }
>>     { "Ra2+" "Ra"  "sp3" }
>>     { "Al3+" "Al"  "sp3" }
>>     { "Fe3+" "Fe"  "sp3" }
>>     { "Cr3+" "Cr"  "sp3" }
>>     { "In3+" "In"  "sp3" }
>>     { "Tl3+" "Tl"  "sp3" }
>>     { "Y3+"  "Y"   "sp3" }
>>     { "La3+" "La"  "sp3" }
>>     { "Ce3+" "Ce"  "sp3" }
>>     { "Pr3+" "Pr"  "sp3" }
>>     { "Nd3+" "Nd"  "sp3" }
>>     { "Sm3+" "Sm"  "sp3" }
>>     { "Eu3+" "Eu"  "sp3" }
>>     { "Gd3+" "Gd"  "sp3" }
>>     { "Tb3+" "Tb"  "sp3" }
>>     { "Dy3+" "Dy"  "sp3" }
>>     { "Er3+" "Er"  "sp3" }
>>     { "Tm3+" "Tm"  "sp3" }
>>     { "Lu3+" "Lu"  "sp3" }
>>     { "Hf4+" "Hf"  "sp3" }
>>     { "Zr4+" "Zr"  "sp3" }
>>     { "Ce4+" "Ce"  "sp3" }
>>     { "U4+"  "U"   "sp3" }
>>     { "Pu4+" "Pu"  "sp3" }
>>     { "Th4+" "Th"  "sp3" }
>> }
>> loadOff atomic_ions.lib
Loading library: /home/zhangi/miniconda3/envs/ambertools20/dat/leap/lib/atomic_ions.lib
Loading: AG
Loading: AL
Loading: Ag
Loading: BA
Loading: BR
Loading: Be
Loading: CA
Loading: CD
Loading: CE
Loading: CL
Loading: CO
Loading: CR
Loading: CS
Loading: CU
Loading: CU1
Loading: Ce
Loading: Cl-
Loading: Cr
Loading: Dy
Loading: EU
Loading: EU3
Loading: Er
Loading: F
Loading: FE
Loading: FE2
Loading: GD3
Loading: H3O+
Loading: HE+
Loading: HG
Loading: HZ+
Loading: Hf
Loading: IN
Loading: IOD
Loading: K
Loading: K+
Loading: LA
Loading: LI
Loading: LU
Loading: MG
Loading: MN
Loading: NA
Loading: NH4
Loading: NI
Loading: Na+
Loading: Nd
Loading: PB
Loading: PD
Loading: PR
Loading: PT
Loading: Pu
Loading: RB
Loading: Ra
Loading: SM
Loading: SR
Loading: Sm
Loading: Sn
Loading: TB
Loading: TL
Loading: Th
Loading: Tl
Loading: Tm
Loading: U4+
Loading: V2+
Loading: Y
Loading: YB2
Loading: ZN
Loading: Zr
>> loadOff solvents.lib
Loading library: /home/zhangi/miniconda3/envs/ambertools20/dat/leap/lib/solvents.lib
Loading: CHCL3BOX
Loading: DC4
Loading: FB3
Loading: FB3BOX
Loading: FB4
Loading: FB4BOX
Loading: MEOHBOX
Loading: NMABOX
Loading: OP3
Loading: OPC
Loading: OPC3BOX
Loading: OPCBOX
Loading: PL3
Loading: POL3BOX
Loading: QSPCFWBOX
Loading: SPC
Loading: SPCBOX
Loading: SPCFWBOX
Loading: SPF
Loading: SPG
Loading: T4E
Loading: TIP3PBOX
Loading: TIP3PFBOX
Loading: TIP4PBOX
Loading: TIP4PEWBOX
Loading: TIP5PBOX
Loading: TP3
Loading: TP4
Loading: TP5
Loading: TPF
>> HOH = TP3
>> WAT = TP3
>> loadAmberParams frcmod.tip3p
Loading parameters: /home/zhangi/miniconda3/envs/ambertools20/dat/leap/parm/frcmod.tip3p
Reading force field modification type file (frcmod)
Reading title:
This is the additional/replacement parameter set for TIP3P water
>> loadAmberParams frcmod.ions1lm_126_tip3p
Loading parameters: /home/zhangi/miniconda3/envs/ambertools20/dat/leap/parm/frcmod.ions1lm_126_tip3p
Reading force field modification type file (frcmod)
Reading title:
Li/Merz ion parameters of monovalent ions for TIP3P water model (12-6 normal usage set)
>> loadAmberParams frcmod.ionsjc_tip3p
Loading parameters: /home/zhangi/miniconda3/envs/ambertools20/dat/leap/parm/frcmod.ionsjc_tip3p
Reading force field modification type file (frcmod)
Reading title:
Monovalent ion parameters for Ewald and TIP3P water from Joung & Cheatham JPCB (2008)
>> loadAmberParams frcmod.ions234lm_126_tip3p
Loading parameters: /home/zhangi/miniconda3/envs/ambertools20/dat/leap/parm/frcmod.ions234lm_126_tip3p
Reading force field modification type file (frcmod)
Reading title:
Li/Merz ion parameters of divalent to tetravalent ions for TIP3P water model (12-6 normal usage set)
>> 
> 
> 
> mol = loadpdb RBD_6m0j_refine_14_capped_noglycos_cleaned_LEAP_INPUT.pdb #  Load PDB file for protein-glycan complex
Loading PDB file: ./RBD_6m0j_refine_14_capped_noglycos_cleaned_LEAP_INPUT.pdb
-- residue 493: duplicate [ CA] atoms (total 2)
-- residue 493: duplicate [ CB] atoms (total 2)
-- residue 493: duplicate [ CD] atoms (total 2)
-- residue 493: duplicate [ CG] atoms (total 2)
-- residue 493: duplicate [ NE2] atoms (total 2)
-- residue 493: duplicate [ OE1] atoms (total 2)

/home/zhangi/miniconda3/envs/ambertools20/bin/teLeap: Warning!
Atom names in each residue should be unique.
     (Same-name atoms are handled by using the first
      occurrence and by ignoring the rest.
      Frequently duplicate atom names stem from alternate
      conformations in the PDB file.)

Matching PDB residue names to LEaP variables.
Starting new chain with TP3
Starting new chain with TP3
Starting new chain with TP3
Starting new chain with TP3
Starting new chain with TP3
Starting new chain with TP3
Starting new chain with TP3
Starting new chain with TP3
Starting new chain with TP3
  total atoms in file: 1557
  Leap added 1481 missing atoms according to residue templates:
       1481 H / lone pairs
> 
> #  Add disulphide bridges
> 
> bond mol.336.SG mol.361.SG
> bond mol.379.SG mol.432.SG
> bond mol.391.SG mol.525.SG
> bond mol.480.SG mol.488.SG
> 
> # Solvate the system and add ions
> 
> solvateBox mol TIP3PBOX 15 
  Solute vdw bounding box:              44.409 51.862 60.175
  Total bounding box for atom centers:  74.409 81.862 90.175
  Solvent unit box:                     18.774 18.774 18.774
The number of boxes:  x= 4  y= 5  z= 5
  Total vdw box size:                   77.355 85.205 93.518 angstroms.
  Volume: 616378.006 A^3 
  Total mass 311865.208 amu,  Density 0.840 g/cc
  Added 16090 residues.
> addionsrand mol Na+ 44 Cl- 46 #  Randomly replace waters with ions, waters = 16090, totalCharge = 2 see README for how No. ions chosen
Adding 90 counter ions to "mol". 16010 solvent molecules will remain.
0: Placed Na+ in mol at (33.28, -6.10, -21.33).
Placed Cl- in mol at (-28.93, -26.74, -43.36).
0: Placed Na+ in mol at (8.66, 20.34, -33.16).
Placed Cl- in mol at (-31.64, -23.86, 30.95).
0: Placed Na+ in mol at (-13.27, -18.93, 27.03).
Placed Cl- in mol at (13.71, -10.40, -5.53).
0: Placed Na+ in mol at (-20.01, -19.26, 14.86).
Placed Cl- in mol at (-24.59, -27.83, -1.12).
0: Placed Na+ in mol at (-4.02, 38.76, 33.69).
Placed Cl- in mol at (-18.04, -15.59, -44.10).
0: Placed Na+ in mol at (-10.43, -8.41, 17.68).
Placed Cl- in mol at (-32.06, -24.66, 25.51).
0: Placed Na+ in mol at (6.69, -2.25, -18.47).
Placed Cl- in mol at (8.82, 27.34, 34.29).
0: Placed Na+ in mol at (-34.94, 28.61, -30.57).
Placed Cl- in mol at (5.50, -26.36, 36.85).
0: Placed Na+ in mol at (13.89, 26.08, -36.35).
Placed Cl- in mol at (-1.78, -39.72, -34.64).
0: Placed Na+ in mol at (-13.27, 37.40, 8.26).
Placed Cl- in mol at (13.74, 11.93, 42.12).
0: Placed Na+ in mol at (-13.77, 15.92, 44.20).
Placed Cl- in mol at (12.18, 31.77, -17.60).
0: Placed Na+ in mol at (7.97, 19.55, -41.43).
Placed Cl- in mol at (-22.66, 26.21, 23.02).
0: Placed Na+ in mol at (32.07, -35.34, -16.25).
Placed Cl- in mol at (16.19, -28.62, -36.00).
0: Placed Na+ in mol at (18.62, 31.01, 28.65).
Placed Cl- in mol at (-10.11, 20.34, 41.94).
0: Placed Na+ in mol at (1.09, -37.74, -20.61).
Placed Cl- in mol at (8.62, 10.81, 12.96).
0: Placed Na+ in mol at (-26.18, 2.50, -3.93).
Placed Cl- in mol at (-31.06, -7.57, -22.53).
0: Placed Na+ in mol at (-4.88, 26.08, 38.74).
Placed Cl- in mol at (28.14, -28.45, 43.31).
0: Placed Na+ in mol at (9.36, 26.90, 39.10).
Placed Cl- in mol at (0.73, 22.06, 4.27).
0: Placed Na+ in mol at (-16.47, 21.44, 6.43).
Placed Cl- in mol at (18.60, 20.91, -20.00).
0: Placed Na+ in mol at (22.65, -8.88, -40.96).
Placed Cl- in mol at (-28.93, -7.96, 31.73).
0: Placed Na+ in mol at (7.23, -20.01, -7.45).
Placed Cl- in mol at (23.50, 0.47, 24.59).
0: Placed Na+ in mol at (2.30, -16.11, 25.20).
Placed Cl- in mol at (28.69, 27.04, -25.39).
0: Placed Na+ in mol at (32.10, -13.68, 24.04).
Placed Cl- in mol at (-10.32, 18.28, -35.64).
0: Placed Na+ in mol at (32.07, -16.57, -16.25).
Placed Cl- in mol at (-32.88, -32.45, 31.02).
0: Placed Na+ in mol at (7.73, -39.11, -11.08).
Placed Cl- in mol at (19.96, -13.96, -4.46).
0: Placed Na+ in mol at (8.82, -10.21, -22.04).
Placed Cl- in mol at (-3.99, -3.50, -31.51).
0: Placed Na+ in mol at (-22.18, 12.66, -10.28).
Placed Cl- in mol at (11.13, -3.82, -21.11).
0: Placed Na+ in mol at (31.30, 16.32, -23.14).
Placed Cl- in mol at (23.50, -37.07, -12.96).
0: Placed Na+ in mol at (25.47, 16.52, 0.31).
Placed Cl- in mol at (19.51, 3.19, -44.10).
0: Placed Na+ in mol at (-23.65, 1.61, 25.19).
Placed Cl- in mol at (4.66, 23.87, 12.25).
0: Placed Na+ in mol at (19.95, -10.17, -7.44).
Placed Cl- in mol at (6.80, 22.64, -18.19).
0: Placed Na+ in mol at (21.57, 38.75, 31.67).
Placed Cl- in mol at (-32.05, -18.93, 27.03).
0: Placed Na+ in mol at (-2.59, -9.85, -36.00).
Placed Cl- in mol at (-33.25, -10.03, -0.34).
0: Placed Na+ in mol at (-34.49, 36.11, -28.86).
Placed Cl- in mol at (18.79, -4.08, 22.78).
0: Placed Na+ in mol at (23.82, 34.50, 20.98).
Placed Cl- in mol at (2.68, -3.80, -23.84).
0: Placed Na+ in mol at (-7.86, -35.73, 6.50).
Placed Cl- in mol at (-6.69, 29.93, 25.64).
0: Placed Na+ in mol at (21.68, 7.03, -42.96).
Placed Cl- in mol at (-14.05, 19.25, 43.36).
0: Placed Na+ in mol at (-34.54, 23.79, -14.84).
Placed Cl- in mol at (-34.70, -3.92, -7.98).
0: Placed Na+ in mol at (29.82, 24.17, -21.66).
Placed Cl- in mol at (-3.04, 31.88, -5.39).
0: Placed Na+ in mol at (-1.78, 29.75, -20.59).
Placed Cl- in mol at (-1.96, -39.81, 18.16).
0: Placed Na+ in mol at (-1.88, -30.75, 6.09).
Placed Cl- in mol at (7.76, -22.94, 25.81).
0: Placed Na+ in mol at (-35.87, 15.88, 6.61).
Placed Cl- in mol at (-19.96, -36.26, -43.61).
0: Placed Na+ in mol at (-29.21, 10.36, -38.65).
Placed Cl- in mol at (35.13, 24.23, -35.07).
0: Placed Na+ in mol at (3.38, 26.43, 23.76).
Placed Cl- in mol at (5.44, 22.77, 42.11).
Placed Cl- in mol at (-1.85, 36.21, -31.83).
Placed Cl- in mol at (21.81, -19.70, -41.63).
> 
> # Save everything
> 
> savepdb mol RBD_6m0j_refine_14_NoGlycos.pdb
Writing pdb file: RBD_6m0j_refine_14_NoGlycos.pdb
   printing CRYST1 record to PDB file with box info
> 
> saveamberparm mol RBD_6m0j_refine_14_NoGlycos.prmtop RBD_6m0j_refine_14_NoGlycos.inpcrd #  Save AMBER topology and coordinate files
Checking Unit.
Building topology.
Building atom parameters.
Building bond parameters.
Building angle parameters.
Building proper torsion parameters.
Building improper torsion parameters.
 total 683 improper torsions applied
Building H-Bond parameters.
Incorporating Non-Bonded adjustments.
Not Marking per-residue atom chain types.
Marking per-residue atom chain types.
  (Residues lacking connect0/connect1 - 
   these don't have chain types marked:

	res	total affected

	WAT	16010
  )
 (no restraints)
> 
> quit #  Quit tleap program
	Quit

Exiting LEaP: Errors = 0; Warnings = 1; Notes = 0.
