-I: Adding /home/zhangi/miniconda3/envs/ambertools20/dat/leap/prep to search path.
-I: Adding /home/zhangi/miniconda3/envs/ambertools20/dat/leap/lib to search path.
-I: Adding /home/zhangi/miniconda3/envs/ambertools20/dat/leap/parm to search path.
-I: Adding /home/zhangi/miniconda3/envs/ambertools20/dat/leap/cmd to search path.
-s: Ignoring startup file: leaprc
-f: Source RBD_tleap.in.

Welcome to LEaP!
Sourcing: ./RBD_tleap.in
----- Source: /home/zhangi/miniconda3/envs/ambertools20/dat/leap/cmd/leaprc.GLYCAM_06j-1
----- Source of /home/zhangi/miniconda3/envs/ambertools20/dat/leap/cmd/leaprc.GLYCAM_06j-1 done
Loading parameters: /home/zhangi/miniconda3/envs/ambertools20/dat/leap/parm/GLYCAM_06j.dat
Reading title:
GLYCAM_06_H PARAMETERS (FOR AMBER 11.0, RESP 0.010), COPYRIGHT CCRC 2011
Loading Prep file: /home/zhangi/miniconda3/envs/ambertools20/dat/leap/prep/GLYCAM_06j-1.prep
Loading library: /home/zhangi/miniconda3/envs/ambertools20/dat/leap/lib/GLYCAM_amino_06j_12SB.lib
Loading library: /home/zhangi/miniconda3/envs/ambertools20/dat/leap/lib/GLYCAM_aminoct_06j_12SB.lib
Loading library: /home/zhangi/miniconda3/envs/ambertools20/dat/leap/lib/GLYCAM_aminont_06j_12SB.lib
Loading library: /home/zhangi/miniconda3/envs/ambertools20/dat/leap/lib/solvents.lib
Loading library: /home/zhangi/miniconda3/envs/ambertools20/dat/leap/lib/atomic_ions.lib
Loading parameters: /home/zhangi/miniconda3/envs/ambertools20/dat/leap/parm/frcmod.ionsjc_tip3p
Reading force field modification type file (frcmod)
Reading title:
Monovalent ion parameters for Ewald and TIP3P water from Joung & Cheatham JPCB (2008)
----- Source: /home/zhangi/miniconda3/envs/ambertools20/dat/leap/cmd/leaprc.protein.ff14SB
----- Source of /home/zhangi/miniconda3/envs/ambertools20/dat/leap/cmd/leaprc.protein.ff14SB done
Log file: ./leap.log
Loading parameters: /home/zhangi/miniconda3/envs/ambertools20/dat/leap/parm/parm10.dat
Reading title:
PARM99 + frcmod.ff99SB + frcmod.parmbsc0 + OL3 for RNA
Loading parameters: /home/zhangi/miniconda3/envs/ambertools20/dat/leap/parm/frcmod.ff14SB
Reading force field modification type file (frcmod)
Reading title:
ff14SB protein backbone and sidechain parameters
Loading library: /home/zhangi/miniconda3/envs/ambertools20/dat/leap/lib/amino12.lib
Loading library: /home/zhangi/miniconda3/envs/ambertools20/dat/leap/lib/aminoct12.lib
Loading library: /home/zhangi/miniconda3/envs/ambertools20/dat/leap/lib/aminont12.lib
Substituting map 0HYP -> HYP  for  0HYP -> NHYP
Substituting map 1HYP -> CHYP  for  1HYP -> CHYP
----- Source: /home/zhangi/miniconda3/envs/ambertools20/dat/leap/cmd/leaprc.water.tip3p
----- Source of /home/zhangi/miniconda3/envs/ambertools20/dat/leap/cmd/leaprc.water.tip3p done
Loading library: /home/zhangi/miniconda3/envs/ambertools20/dat/leap/lib/atomic_ions.lib
Loading library: /home/zhangi/miniconda3/envs/ambertools20/dat/leap/lib/solvents.lib
Loading parameters: /home/zhangi/miniconda3/envs/ambertools20/dat/leap/parm/frcmod.tip3p
Reading force field modification type file (frcmod)
Reading title:
This is the additional/replacement parameter set for TIP3P water
Loading parameters: /home/zhangi/miniconda3/envs/ambertools20/dat/leap/parm/frcmod.ions1lm_126_tip3p
Reading force field modification type file (frcmod)
Reading title:
Li/Merz ion parameters of monovalent ions for TIP3P water model (12-6 normal usage set)
Loading parameters: /home/zhangi/miniconda3/envs/ambertools20/dat/leap/parm/frcmod.ionsjc_tip3p
Reading force field modification type file (frcmod)
Reading title:
Monovalent ion parameters for Ewald and TIP3P water from Joung & Cheatham JPCB (2008)
Loading parameters: /home/zhangi/miniconda3/envs/ambertools20/dat/leap/parm/frcmod.ions234lm_126_tip3p
Reading force field modification type file (frcmod)
Reading title:
Li/Merz ion parameters of divalent to tetravalent ions for TIP3P water model (12-6 normal usage set)
Loading PDB file: ./RBD_6m0j_refine_14_capped_noglycos_cleaned_LEAP_INPUT.pdb
-- residue 493: duplicate [ CA] atoms (total 2)
-- residue 493: duplicate [ CB] atoms (total 2)
-- residue 493: duplicate [ CD] atoms (total 2)
-- residue 493: duplicate [ CG] atoms (total 2)
-- residue 493: duplicate [ NE2] atoms (total 2)
-- residue 493: duplicate [ OE1] atoms (total 2)

/home/zhangi/miniconda3/envs/ambertools20/bin/teLeap: Warning!
Atom names in each residue should be unique.
     (Same-name atoms are handled by using the first
      occurrence and by ignoring the rest.
      Frequently duplicate atom names stem from alternate
      conformations in the PDB file.)

  total atoms in file: 1557
  Leap added 1481 missing atoms according to residue templates:
       1481 H / lone pairs
  Solute vdw bounding box:              44.409 51.862 60.175
  Total bounding box for atom centers:  74.409 81.862 90.175
  Solvent unit box:                     18.774 18.774 18.774
  Total vdw box size:                   77.355 85.205 93.518 angstroms.
  Volume: 616378.006 A^3 
  Total mass 311865.208 amu,  Density 0.840 g/cc
  Added 16090 residues.
Adding 90 counter ions to "mol". 16010 solvent molecules will remain.
0: Placed Na+ in mol at (33.28, -6.10, -21.33).
Placed Cl- in mol at (-28.93, -26.74, -43.36).
0: Placed Na+ in mol at (8.66, 20.34, -33.16).
Placed Cl- in mol at (-31.64, -23.86, 30.95).
0: Placed Na+ in mol at (-13.27, -18.93, 27.03).
Placed Cl- in mol at (13.71, -10.40, -5.53).
0: Placed Na+ in mol at (-20.01, -19.26, 14.86).
Placed Cl- in mol at (-24.59, -27.83, -1.12).
0: Placed Na+ in mol at (-4.02, 38.76, 33.69).
Placed Cl- in mol at (-18.04, -15.59, -44.10).
0: Placed Na+ in mol at (-10.43, -8.41, 17.68).
Placed Cl- in mol at (-32.06, -24.66, 25.51).
0: Placed Na+ in mol at (6.69, -2.25, -18.47).
Placed Cl- in mol at (8.82, 27.34, 34.29).
0: Placed Na+ in mol at (-34.94, 28.61, -30.57).
Placed Cl- in mol at (5.50, -26.36, 36.85).
0: Placed Na+ in mol at (13.89, 26.08, -36.35).
Placed Cl- in mol at (-1.78, -39.72, -34.64).
0: Placed Na+ in mol at (-13.27, 37.40, 8.26).
Placed Cl- in mol at (13.74, 11.93, 42.12).
0: Placed Na+ in mol at (-13.77, 15.92, 44.20).
Placed Cl- in mol at (12.18, 31.77, -17.60).
0: Placed Na+ in mol at (7.97, 19.55, -41.43).
Placed Cl- in mol at (-22.66, 26.21, 23.02).
0: Placed Na+ in mol at (32.07, -35.34, -16.25).
Placed Cl- in mol at (16.19, -28.62, -36.00).
0: Placed Na+ in mol at (18.62, 31.01, 28.65).
Placed Cl- in mol at (-10.11, 20.34, 41.94).
0: Placed Na+ in mol at (1.09, -37.74, -20.61).
Placed Cl- in mol at (8.62, 10.81, 12.96).
0: Placed Na+ in mol at (-26.18, 2.50, -3.93).
Placed Cl- in mol at (-31.06, -7.57, -22.53).
0: Placed Na+ in mol at (-4.88, 26.08, 38.74).
Placed Cl- in mol at (28.14, -28.45, 43.31).
0: Placed Na+ in mol at (9.36, 26.90, 39.10).
Placed Cl- in mol at (0.73, 22.06, 4.27).
0: Placed Na+ in mol at (-16.47, 21.44, 6.43).
Placed Cl- in mol at (18.60, 20.91, -20.00).
0: Placed Na+ in mol at (22.65, -8.88, -40.96).
Placed Cl- in mol at (-28.93, -7.96, 31.73).
0: Placed Na+ in mol at (7.23, -20.01, -7.45).
Placed Cl- in mol at (23.50, 0.47, 24.59).
0: Placed Na+ in mol at (2.30, -16.11, 25.20).
Placed Cl- in mol at (28.69, 27.04, -25.39).
0: Placed Na+ in mol at (32.10, -13.68, 24.04).
Placed Cl- in mol at (-10.32, 18.28, -35.64).
0: Placed Na+ in mol at (32.07, -16.57, -16.25).
Placed Cl- in mol at (-32.88, -32.45, 31.02).
0: Placed Na+ in mol at (7.73, -39.11, -11.08).
Placed Cl- in mol at (19.96, -13.96, -4.46).
0: Placed Na+ in mol at (8.82, -10.21, -22.04).
Placed Cl- in mol at (-3.99, -3.50, -31.51).
0: Placed Na+ in mol at (-22.18, 12.66, -10.28).
Placed Cl- in mol at (11.13, -3.82, -21.11).
0: Placed Na+ in mol at (31.30, 16.32, -23.14).
Placed Cl- in mol at (23.50, -37.07, -12.96).
0: Placed Na+ in mol at (25.47, 16.52, 0.31).
Placed Cl- in mol at (19.51, 3.19, -44.10).
0: Placed Na+ in mol at (-23.65, 1.61, 25.19).
Placed Cl- in mol at (4.66, 23.87, 12.25).
0: Placed Na+ in mol at (19.95, -10.17, -7.44).
Placed Cl- in mol at (6.80, 22.64, -18.19).
0: Placed Na+ in mol at (21.57, 38.75, 31.67).
Placed Cl- in mol at (-32.05, -18.93, 27.03).
0: Placed Na+ in mol at (-2.59, -9.85, -36.00).
Placed Cl- in mol at (-33.25, -10.03, -0.34).
0: Placed Na+ in mol at (-34.49, 36.11, -28.86).
Placed Cl- in mol at (18.79, -4.08, 22.78).
0: Placed Na+ in mol at (23.82, 34.50, 20.98).
Placed Cl- in mol at (2.68, -3.80, -23.84).
0: Placed Na+ in mol at (-7.86, -35.73, 6.50).
Placed Cl- in mol at (-6.69, 29.93, 25.64).
0: Placed Na+ in mol at (21.68, 7.03, -42.96).
Placed Cl- in mol at (-14.05, 19.25, 43.36).
0: Placed Na+ in mol at (-34.54, 23.79, -14.84).
Placed Cl- in mol at (-34.70, -3.92, -7.98).
0: Placed Na+ in mol at (29.82, 24.17, -21.66).
Placed Cl- in mol at (-3.04, 31.88, -5.39).
0: Placed Na+ in mol at (-1.78, 29.75, -20.59).
Placed Cl- in mol at (-1.96, -39.81, 18.16).
0: Placed Na+ in mol at (-1.88, -30.75, 6.09).
Placed Cl- in mol at (7.76, -22.94, 25.81).
0: Placed Na+ in mol at (-35.87, 15.88, 6.61).
Placed Cl- in mol at (-19.96, -36.26, -43.61).
0: Placed Na+ in mol at (-29.21, 10.36, -38.65).
Placed Cl- in mol at (35.13, 24.23, -35.07).
0: Placed Na+ in mol at (3.38, 26.43, 23.76).
Placed Cl- in mol at (5.44, 22.77, 42.11).
Placed Cl- in mol at (-1.85, 36.21, -31.83).
Placed Cl- in mol at (21.81, -19.70, -41.63).
Writing pdb file: RBD_6m0j_refine_14_NoGlycos.pdb
   printing CRYST1 record to PDB file with box info
Checking Unit.
Building topology.
Building atom parameters.
Building bond parameters.
Building angle parameters.
Building proper torsion parameters.
Building improper torsion parameters.
 total 683 improper torsions applied
Building H-Bond parameters.
Incorporating Non-Bonded adjustments.
Not Marking per-residue atom chain types.
Marking per-residue atom chain types.
  (Residues lacking connect0/connect1 - 
   these don't have chain types marked:

	res	total affected

	WAT	16010
  )
 (no restraints)
	Quit

Exiting LEaP: Errors = 0; Warnings = 1; Notes = 0.
